<?xml version="1.0" encoding="UTF-8"?>
<testng-results ignored="0" total="1" passed="1" failed="0" skipped="0">
  <reporter-output>
  </reporter-output>
  <suite started-at="2023-05-17T18:28:34 IST" name="Suite" finished-at="2023-05-17T18:28:50 IST" duration-ms="15957">
    <groups>
    </groups>
    <test started-at="2023-05-17T18:28:34 IST" name="Test" finished-at="2023-05-17T18:28:50 IST" duration-ms="15957">
      <class name="org.jenkins.SampleClass">
        <test-method signature="tc01()[pri:0, instance:org.jenkins.SampleClass@618425b5]" started-at="2023-05-17T18:28:34 IST" name="tc01" finished-at="2023-05-17T18:28:50 IST" duration-ms="15903" status="PASS">
          <reporter-output>
          </reporter-output>
        </test-method> <!-- tc01 -->
      </class> <!-- org.jenkins.SampleClass -->
    </test> <!-- Test -->
  </suite> <!-- Suite -->
</testng-results>
